This file contains any messages produced by compilers while
running configure, to aid debugging if configure makes a mistake.

It was created by xmlplus configure 0.2, which was
generated by GNU Autoconf 2.69.  Invocation command line was

  $ ./configure --prefix=/home/ramoncin/kk

## --------- ##
## Platform. ##
## --------- ##

hostname = sbf09
uname -m = i386
uname -r = 3.5.0-22-generic
uname -s = Linux
uname -v = jana

/usr/bin/uname -p = unknown
/bin/uname -X     = 

/bin/arch              = unknown
/usr/bin/arch -k       = unknown
/usr/convex/getsysinfo = unknown
/usr/bin/hostinfo      = unknown
/bin/machine           = unknown
/usr/bin/oslevel       = unknown
/bin/universe          = unknown

PATH: /usr/local/sbin
PATH: /usr/local/bin
PATH: /usr/sbin
PATH: /usr/bin
PATH: /sbin
PATH: /bin
PATH: /usr/bin/X11


## ----------- ##
## Core tests. ##
## ----------- ##

configure:2434: checking for a BSD-compatible install
configure:2502: result: /usr/bin/install -c
configure:2513: checking whether build environment is sane
configure:2563: result: yes
configure:2704: checking for a thread-safe mkdir -p
configure:2743: result: /bin/mkdir -p
configure:2756: checking for gawk
configure:2786: result: no
configure:2756: checking for mawk
configure:2772: found /usr/bin/mawk
configure:2783: result: mawk
configure:2794: checking whether make sets $(MAKE)
configure:2816: result: yes
configure:2925: checking build system type
configure:2939: result: i386-pc-linux-gnu
configure:2959: checking host system type
configure:2972: result: i386-pc-linux-gnu
configure:3013: checking how to print strings
configure:3040: result: printf
configure:3073: checking for style of include used by make
configure:3101: result: GNU
configure:3171: checking for gcc
configure:3187: found /usr/bin/gcc
configure:3198: result: gcc
configure:3427: checking for C compiler version
configure:3436: gcc --version >&5
gcc (Ubuntu/Linaro 4.6.3-1ubuntu5) 4.6.3
Copyright (C) 2011 Free Software Foundation, Inc.
This is free software; see the source for copying conditions.  There is NO
warranty; not even for MERCHANTABILITY or FITNESS FOR A PARTICULAR PURPOSE.

configure:3447: $? = 0
configure:3436: gcc -v >&5
Using built-in specs.
COLLECT_GCC=gcc
COLLECT_LTO_WRAPPER=/usr/lib/gcc/i686-linux-gnu/4.6/lto-wrapper
Target: i686-linux-gnu
Configured with: ../src/configure -v --with-pkgversion='Ubuntu/Linaro 4.6.3-1ubuntu5' --with-bugurl=file:///usr/share/doc/gcc-4.6/README.Bugs --enable-languages=c,c++,fortran,objc,obj-c++ --prefix=/usr --program-suffix=-4.6 --enable-shared --enable-linker-build-id --with-system-zlib --libexecdir=/usr/lib --without-included-gettext --enable-threads=posix --with-gxx-include-dir=/usr/include/c++/4.6 --libdir=/usr/lib --enable-nls --with-sysroot=/ --enable-clocale=gnu --enable-libstdcxx-debug --enable-libstdcxx-time=yes --enable-gnu-unique-object --enable-plugin --enable-objc-gc --enable-targets=all --disable-werror --with-arch-32=i686 --with-tune=generic --enable-checking=release --build=i686-linux-gnu --host=i686-linux-gnu --target=i686-linux-gnu
Thread model: posix
gcc version 4.6.3 (Ubuntu/Linaro 4.6.3-1ubuntu5) 
configure:3447: $? = 0
configure:3436: gcc -V >&5
gcc: error: unrecognized option '-V'
gcc: fatal error: no input files
compilation terminated.
configure:3447: $? = 4
configure:3436: gcc -qversion >&5
gcc: error: unrecognized option '-qversion'
gcc: fatal error: no input files
compilation terminated.
configure:3447: $? = 4
configure:3467: checking whether the C compiler works
configure:3489: gcc    conftest.c  >&5
configure:3493: $? = 0
configure:3541: result: yes
configure:3544: checking for C compiler default output file name
configure:3546: result: a.out
configure:3552: checking for suffix of executables
configure:3559: gcc -o conftest    conftest.c  >&5
configure:3563: $? = 0
configure:3585: result: 
configure:3607: checking whether we are cross compiling
configure:3615: gcc -o conftest    conftest.c  >&5
configure:3619: $? = 0
configure:3626: ./conftest
configure:3630: $? = 0
configure:3645: result: no
configure:3650: checking for suffix of object files
configure:3672: gcc -c   conftest.c >&5
configure:3676: $? = 0
configure:3697: result: o
configure:3701: checking whether we are using the GNU C compiler
configure:3720: gcc -c   conftest.c >&5
configure:3720: $? = 0
configure:3729: result: yes
configure:3738: checking whether gcc accepts -g
configure:3758: gcc -c -g  conftest.c >&5
configure:3758: $? = 0
configure:3799: result: yes
configure:3816: checking for gcc option to accept ISO C89
configure:3879: gcc  -c -g -O2  conftest.c >&5
configure:3879: $? = 0
configure:3892: result: none needed
configure:3914: checking dependency style of gcc
configure:4024: result: gcc3
configure:4039: checking for a sed that does not truncate output
configure:4103: result: /bin/sed
configure:4121: checking for grep that handles long lines and -e
configure:4179: result: /bin/grep
configure:4184: checking for egrep
configure:4246: result: /bin/grep -E
configure:4251: checking for fgrep
configure:4313: result: /bin/grep -F
configure:4348: checking for ld used by gcc
configure:4415: result: /usr/bin/ld
configure:4422: checking if the linker (/usr/bin/ld) is GNU ld
configure:4437: result: yes
configure:4449: checking for BSD- or MS-compatible name lister (nm)
configure:4498: result: /usr/bin/nm -B
configure:4628: checking the name lister (/usr/bin/nm -B) interface
configure:4635: gcc -c -g -O2  conftest.c >&5
configure:4638: /usr/bin/nm -B "conftest.o"
configure:4641: output
00000000 B some_variable
configure:4648: result: BSD nm
configure:4651: checking whether ln -s works
configure:4655: result: yes
configure:4663: checking the maximum length of command line arguments
configure:4793: result: 1572864
configure:4810: checking whether the shell understands some XSI constructs
configure:4820: result: yes
configure:4824: checking whether the shell understands "+="
configure:4830: result: yes
configure:4865: checking how to convert i386-pc-linux-gnu file names to i386-pc-linux-gnu format
configure:4905: result: func_convert_file_noop
configure:4912: checking how to convert i386-pc-linux-gnu file names to toolchain format
configure:4932: result: func_convert_file_noop
configure:4939: checking for /usr/bin/ld option to reload object files
configure:4946: result: -r
configure:5020: checking for objdump
configure:5036: found /usr/bin/objdump
configure:5047: result: objdump
configure:5079: checking how to recognize dependent libraries
configure:5281: result: pass_all
configure:5366: checking for dlltool
configure:5396: result: no
configure:5426: checking how to associate runtime and link libraries
configure:5453: result: printf %s\n
configure:5514: checking for ar
configure:5530: found /usr/bin/ar
configure:5541: result: ar
configure:5578: checking for archiver @FILE support
configure:5595: gcc -c -g -O2  conftest.c >&5
configure:5595: $? = 0
configure:5598: ar cru libconftest.a @conftest.lst >&5
configure:5601: $? = 0
configure:5606: ar cru libconftest.a @conftest.lst >&5
ar: conftest.o: No such file or directory
configure:5609: $? = 1
configure:5621: result: @
configure:5679: checking for strip
configure:5695: found /usr/bin/strip
configure:5706: result: strip
configure:5778: checking for ranlib
configure:5794: found /usr/bin/ranlib
configure:5805: result: ranlib
configure:5907: checking command to parse /usr/bin/nm -B output from gcc object
configure:6027: gcc -c -g -O2  conftest.c >&5
configure:6030: $? = 0
configure:6034: /usr/bin/nm -B conftest.o \| sed -n -e 's/^.*[ ]\([ABCDGIRSTW][ABCDGIRSTW]*\)[ ][ ]*\([_A-Za-z][_A-Za-z0-9]*\)$/\1 \2 \2/p' | sed '/ __gnu_lto/d' \> conftest.nm
configure:6037: $? = 0
configure:6103: gcc -o conftest -g -O2   conftest.c conftstm.o >&5
configure:6106: $? = 0
configure:6144: result: ok
configure:6181: checking for sysroot
configure:6211: result: no
configure:6467: checking for mt
configure:6483: found /bin/mt
configure:6494: result: mt
configure:6517: checking if mt is a manifest tool
configure:6523: mt '-?'
configure:6531: result: no
configure:7173: checking how to run the C preprocessor
configure:7204: gcc -E  conftest.c
configure:7204: $? = 0
configure:7218: gcc -E  conftest.c
conftest.c:11:28: fatal error: ac_nonexistent.h: No such file or directory
compilation terminated.
configure:7218: $? = 1
configure: failed program was:
| /* confdefs.h */
| #define PACKAGE_NAME "xmlplus"
| #define PACKAGE_TARNAME "xmlplus"
| #define PACKAGE_VERSION "0.2"
| #define PACKAGE_STRING "xmlplus 0.2"
| #define PACKAGE_BUGREPORT "xmlplus.bugs@gmail.com"
| #define PACKAGE_URL ""
| #define PACKAGE "xmlplus"
| #define VERSION "0.2"
| /* end confdefs.h.  */
| #include <ac_nonexistent.h>
configure:7243: result: gcc -E
configure:7263: gcc -E  conftest.c
configure:7263: $? = 0
configure:7277: gcc -E  conftest.c
conftest.c:11:28: fatal error: ac_nonexistent.h: No such file or directory
compilation terminated.
configure:7277: $? = 1
configure: failed program was:
| /* confdefs.h */
| #define PACKAGE_NAME "xmlplus"
| #define PACKAGE_TARNAME "xmlplus"
| #define PACKAGE_VERSION "0.2"
| #define PACKAGE_STRING "xmlplus 0.2"
| #define PACKAGE_BUGREPORT "xmlplus.bugs@gmail.com"
| #define PACKAGE_URL ""
| #define PACKAGE "xmlplus"
| #define VERSION "0.2"
| /* end confdefs.h.  */
| #include <ac_nonexistent.h>
configure:7306: checking for ANSI C header files
configure:7326: gcc -c -g -O2  conftest.c >&5
configure:7326: $? = 0
configure:7399: gcc -o conftest -g -O2   conftest.c  >&5
configure:7399: $? = 0
configure:7399: ./conftest
configure:7399: $? = 0
configure:7410: result: yes
configure:7423: checking for sys/types.h
configure:7423: gcc -c -g -O2  conftest.c >&5
configure:7423: $? = 0
configure:7423: result: yes
configure:7423: checking for sys/stat.h
configure:7423: gcc -c -g -O2  conftest.c >&5
configure:7423: $? = 0
configure:7423: result: yes
configure:7423: checking for stdlib.h
configure:7423: gcc -c -g -O2  conftest.c >&5
configure:7423: $? = 0
configure:7423: result: yes
configure:7423: checking for string.h
configure:7423: gcc -c -g -O2  conftest.c >&5
configure:7423: $? = 0
configure:7423: result: yes
configure:7423: checking for memory.h
configure:7423: gcc -c -g -O2  conftest.c >&5
configure:7423: $? = 0
configure:7423: result: yes
configure:7423: checking for strings.h
configure:7423: gcc -c -g -O2  conftest.c >&5
configure:7423: $? = 0
configure:7423: result: yes
configure:7423: checking for inttypes.h
configure:7423: gcc -c -g -O2  conftest.c >&5
configure:7423: $? = 0
configure:7423: result: yes
configure:7423: checking for stdint.h
configure:7423: gcc -c -g -O2  conftest.c >&5
configure:7423: $? = 0
configure:7423: result: yes
configure:7423: checking for unistd.h
configure:7423: gcc -c -g -O2  conftest.c >&5
configure:7423: $? = 0
configure:7423: result: yes
configure:7437: checking for dlfcn.h
configure:7437: gcc -c -g -O2  conftest.c >&5
configure:7437: $? = 0
configure:7437: result: yes
configure:7643: checking for objdir
configure:7658: result: .libs
configure:7929: checking if gcc supports -fno-rtti -fno-exceptions
configure:7947: gcc -c -g -O2  -fno-rtti -fno-exceptions conftest.c >&5
cc1: warning: command line option '-fno-rtti' is valid for C++/ObjC++ but not for C [enabled by default]
configure:7951: $? = 0
configure:7964: result: no
configure:8291: checking for gcc option to produce PIC
configure:8298: result: -fPIC -DPIC
configure:8306: checking if gcc PIC flag -fPIC -DPIC works
configure:8324: gcc -c -g -O2  -fPIC -DPIC -DPIC conftest.c >&5
configure:8328: $? = 0
configure:8341: result: yes
configure:8370: checking if gcc static flag -static works
configure:8398: result: yes
configure:8413: checking if gcc supports -c -o file.o
configure:8434: gcc -c -g -O2  -o out/conftest2.o conftest.c >&5
configure:8438: $? = 0
configure:8460: result: yes
configure:8468: checking if gcc supports -c -o file.o
configure:8515: result: yes
configure:8548: checking whether the gcc linker (/usr/bin/ld) supports shared libraries
configure:9705: result: yes
configure:9742: checking whether -lc should be explicitly linked in
configure:9750: gcc -c -g -O2  conftest.c >&5
configure:9753: $? = 0
configure:9768: gcc -shared  -fPIC -DPIC conftest.o  -v -Wl,-soname -Wl,conftest -o conftest 2\>\&1 \| /bin/grep  -lc  \>/dev/null 2\>\&1
configure:9771: $? = 0
configure:9785: result: no
configure:9945: checking dynamic linker characteristics
configure:10456: gcc -o conftest -g -O2   -Wl,-rpath -Wl,/foo conftest.c  >&5
configure:10456: $? = 0
configure:10690: result: GNU/Linux ld.so
configure:10797: checking how to hardcode library paths into programs
configure:10822: result: immediate
configure:11362: checking whether stripping libraries is possible
configure:11367: result: yes
configure:11402: checking if libtool supports shared libraries
configure:11404: result: yes
configure:11407: checking whether to build shared libraries
configure:11428: result: yes
configure:11431: checking whether to build static libraries
configure:11435: result: yes
configure:11537: checking for g++
configure:11553: found /usr/bin/g++
configure:11564: result: g++
configure:11591: checking for C++ compiler version
configure:11600: g++ --version >&5
g++ (Ubuntu/Linaro 4.6.3-1ubuntu5) 4.6.3
Copyright (C) 2011 Free Software Foundation, Inc.
This is free software; see the source for copying conditions.  There is NO
warranty; not even for MERCHANTABILITY or FITNESS FOR A PARTICULAR PURPOSE.

configure:11611: $? = 0
configure:11600: g++ -v >&5
Using built-in specs.
COLLECT_GCC=g++
COLLECT_LTO_WRAPPER=/usr/lib/gcc/i686-linux-gnu/4.6/lto-wrapper
Target: i686-linux-gnu
Configured with: ../src/configure -v --with-pkgversion='Ubuntu/Linaro 4.6.3-1ubuntu5' --with-bugurl=file:///usr/share/doc/gcc-4.6/README.Bugs --enable-languages=c,c++,fortran,objc,obj-c++ --prefix=/usr --program-suffix=-4.6 --enable-shared --enable-linker-build-id --with-system-zlib --libexecdir=/usr/lib --without-included-gettext --enable-threads=posix --with-gxx-include-dir=/usr/include/c++/4.6 --libdir=/usr/lib --enable-nls --with-sysroot=/ --enable-clocale=gnu --enable-libstdcxx-debug --enable-libstdcxx-time=yes --enable-gnu-unique-object --enable-plugin --enable-objc-gc --enable-targets=all --disable-werror --with-arch-32=i686 --with-tune=generic --enable-checking=release --build=i686-linux-gnu --host=i686-linux-gnu --target=i686-linux-gnu
Thread model: posix
gcc version 4.6.3 (Ubuntu/Linaro 4.6.3-1ubuntu5) 
configure:11611: $? = 0
configure:11600: g++ -V >&5
g++: error: unrecognized option '-V'
g++: fatal error: no input files
compilation terminated.
configure:11611: $? = 4
configure:11600: g++ -qversion >&5
g++: error: unrecognized option '-qversion'
g++: fatal error: no input files
compilation terminated.
configure:11611: $? = 4
configure:11615: checking whether we are using the GNU C++ compiler
configure:11634: g++ -c -O2  conftest.cpp >&5
configure:11634: $? = 0
configure:11643: result: yes
configure:11652: checking whether g++ accepts -g
configure:11672: g++ -c -g  conftest.cpp >&5
configure:11672: $? = 0
configure:11713: result: yes
configure:11738: checking dependency style of g++
configure:11848: result: gcc3
configure:11881: checking how to run the C++ preprocessor
configure:11908: g++ -E  conftest.cpp
configure:11908: $? = 0
configure:11922: g++ -E  conftest.cpp
conftest.cpp:23:28: fatal error: ac_nonexistent.h: No such file or directory
compilation terminated.
configure:11922: $? = 1
configure: failed program was:
| /* confdefs.h */
| #define PACKAGE_NAME "xmlplus"
| #define PACKAGE_TARNAME "xmlplus"
| #define PACKAGE_VERSION "0.2"
| #define PACKAGE_STRING "xmlplus 0.2"
| #define PACKAGE_BUGREPORT "xmlplus.bugs@gmail.com"
| #define PACKAGE_URL ""
| #define PACKAGE "xmlplus"
| #define VERSION "0.2"
| #define STDC_HEADERS 1
| #define HAVE_SYS_TYPES_H 1
| #define HAVE_SYS_STAT_H 1
| #define HAVE_STDLIB_H 1
| #define HAVE_STRING_H 1
| #define HAVE_MEMORY_H 1
| #define HAVE_STRINGS_H 1
| #define HAVE_INTTYPES_H 1
| #define HAVE_STDINT_H 1
| #define HAVE_UNISTD_H 1
| #define HAVE_DLFCN_H 1
| #define LT_OBJDIR ".libs/"
| /* end confdefs.h.  */
| #include <ac_nonexistent.h>
configure:11947: result: g++ -E
configure:11967: g++ -E  conftest.cpp
configure:11967: $? = 0
configure:11981: g++ -E  conftest.cpp
conftest.cpp:23:28: fatal error: ac_nonexistent.h: No such file or directory
compilation terminated.
configure:11981: $? = 1
configure: failed program was:
| /* confdefs.h */
| #define PACKAGE_NAME "xmlplus"
| #define PACKAGE_TARNAME "xmlplus"
| #define PACKAGE_VERSION "0.2"
| #define PACKAGE_STRING "xmlplus 0.2"
| #define PACKAGE_BUGREPORT "xmlplus.bugs@gmail.com"
| #define PACKAGE_URL ""
| #define PACKAGE "xmlplus"
| #define VERSION "0.2"
| #define STDC_HEADERS 1
| #define HAVE_SYS_TYPES_H 1
| #define HAVE_SYS_STAT_H 1
| #define HAVE_STDLIB_H 1
| #define HAVE_STRING_H 1
| #define HAVE_MEMORY_H 1
| #define HAVE_STRINGS_H 1
| #define HAVE_INTTYPES_H 1
| #define HAVE_STDINT_H 1
| #define HAVE_UNISTD_H 1
| #define HAVE_DLFCN_H 1
| #define LT_OBJDIR ".libs/"
| /* end confdefs.h.  */
| #include <ac_nonexistent.h>
configure:12150: checking for ld used by g++
configure:12217: result: /usr/bin/ld
configure:12224: checking if the linker (/usr/bin/ld) is GNU ld
configure:12239: result: yes
configure:12294: checking whether the g++ linker (/usr/bin/ld) supports shared libraries
configure:13299: result: yes
configure:13335: g++ -c -O2  conftest.cpp >&5
configure:13338: $? = 0
configure:13858: checking for g++ option to produce PIC
configure:13865: result: -fPIC -DPIC
configure:13873: checking if g++ PIC flag -fPIC -DPIC works
configure:13891: g++ -c -O2  -fPIC -DPIC -DPIC conftest.cpp >&5
configure:13895: $? = 0
configure:13908: result: yes
configure:13931: checking if g++ static flag -static works
configure:13959: result: yes
configure:13971: checking if g++ supports -c -o file.o
configure:13992: g++ -c -O2  -o out/conftest2.o conftest.cpp >&5
configure:13996: $? = 0
configure:14018: result: yes
configure:14023: checking if g++ supports -c -o file.o
configure:14070: result: yes
configure:14100: checking whether the g++ linker (/usr/bin/ld) supports shared libraries
configure:14139: result: yes
configure:14280: checking dynamic linker characteristics
configure:14959: result: GNU/Linux ld.so
configure:15012: checking how to hardcode library paths into programs
configure:15037: result: immediate
configure:15125: checking for gcc
configure:15152: result: gcc
configure:15381: checking for C compiler version
configure:15390: gcc --version >&5
gcc (Ubuntu/Linaro 4.6.3-1ubuntu5) 4.6.3
Copyright (C) 2011 Free Software Foundation, Inc.
This is free software; see the source for copying conditions.  There is NO
warranty; not even for MERCHANTABILITY or FITNESS FOR A PARTICULAR PURPOSE.

configure:15401: $? = 0
configure:15390: gcc -v >&5
Using built-in specs.
COLLECT_GCC=gcc
COLLECT_LTO_WRAPPER=/usr/lib/gcc/i686-linux-gnu/4.6/lto-wrapper
Target: i686-linux-gnu
Configured with: ../src/configure -v --with-pkgversion='Ubuntu/Linaro 4.6.3-1ubuntu5' --with-bugurl=file:///usr/share/doc/gcc-4.6/README.Bugs --enable-languages=c,c++,fortran,objc,obj-c++ --prefix=/usr --program-suffix=-4.6 --enable-shared --enable-linker-build-id --with-system-zlib --libexecdir=/usr/lib --without-included-gettext --enable-threads=posix --with-gxx-include-dir=/usr/include/c++/4.6 --libdir=/usr/lib --enable-nls --with-sysroot=/ --enable-clocale=gnu --enable-libstdcxx-debug --enable-libstdcxx-time=yes --enable-gnu-unique-object --enable-plugin --enable-objc-gc --enable-targets=all --disable-werror --with-arch-32=i686 --with-tune=generic --enable-checking=release --build=i686-linux-gnu --host=i686-linux-gnu --target=i686-linux-gnu
Thread model: posix
gcc version 4.6.3 (Ubuntu/Linaro 4.6.3-1ubuntu5) 
configure:15401: $? = 0
configure:15390: gcc -V >&5
gcc: error: unrecognized option '-V'
gcc: fatal error: no input files
compilation terminated.
configure:15401: $? = 4
configure:15390: gcc -qversion >&5
gcc: error: unrecognized option '-qversion'
gcc: fatal error: no input files
compilation terminated.
configure:15401: $? = 4
configure:15405: checking whether we are using the GNU C compiler
configure:15433: result: yes
configure:15442: checking whether gcc accepts -g
configure:15503: result: yes
configure:15520: checking for gcc option to accept ISO C89
configure:15596: result: none needed
configure:15618: checking dependency style of gcc
configure:15728: result: gcc3
configure:15748: checking how to run the C preprocessor
configure:15818: result: gcc -E
configure:15838: gcc -E  conftest.c
configure:15838: $? = 0
configure:15852: gcc -E  conftest.c
conftest.c:23:28: fatal error: ac_nonexistent.h: No such file or directory
compilation terminated.
configure:15852: $? = 1
configure: failed program was:
| /* confdefs.h */
| #define PACKAGE_NAME "xmlplus"
| #define PACKAGE_TARNAME "xmlplus"
| #define PACKAGE_VERSION "0.2"
| #define PACKAGE_STRING "xmlplus 0.2"
| #define PACKAGE_BUGREPORT "xmlplus.bugs@gmail.com"
| #define PACKAGE_URL ""
| #define PACKAGE "xmlplus"
| #define VERSION "0.2"
| #define STDC_HEADERS 1
| #define HAVE_SYS_TYPES_H 1
| #define HAVE_SYS_STAT_H 1
| #define HAVE_STDLIB_H 1
| #define HAVE_STRING_H 1
| #define HAVE_MEMORY_H 1
| #define HAVE_STRINGS_H 1
| #define HAVE_INTTYPES_H 1
| #define HAVE_STDINT_H 1
| #define HAVE_UNISTD_H 1
| #define HAVE_DLFCN_H 1
| #define LT_OBJDIR ".libs/"
| /* end confdefs.h.  */
| #include <ac_nonexistent.h>
configure:15880: checking whether make sets $(MAKE)
configure:15902: result: yes
configure:15920: checking for stdlib.h
configure:15920: result: yes
configure:15920: checking for string.h
configure:15920: result: yes
configure:15932: checking for stdbool.h that conforms to C99
configure:15999: gcc -c -g -O2  conftest.c >&5
configure:15999: $? = 0
configure:16006: result: yes
configure:16008: checking for _Bool
configure:16008: gcc -c -g -O2  conftest.c >&5
configure:16008: $? = 0
configure:16008: gcc -c -g -O2  conftest.c >&5
conftest.c: In function 'main':
conftest.c:61:20: error: expected expression before ')' token
configure:16008: $? = 1
configure: failed program was:
| /* confdefs.h */
| #define PACKAGE_NAME "xmlplus"
| #define PACKAGE_TARNAME "xmlplus"
| #define PACKAGE_VERSION "0.2"
| #define PACKAGE_STRING "xmlplus 0.2"
| #define PACKAGE_BUGREPORT "xmlplus.bugs@gmail.com"
| #define PACKAGE_URL ""
| #define PACKAGE "xmlplus"
| #define VERSION "0.2"
| #define STDC_HEADERS 1
| #define HAVE_SYS_TYPES_H 1
| #define HAVE_SYS_STAT_H 1
| #define HAVE_STDLIB_H 1
| #define HAVE_STRING_H 1
| #define HAVE_MEMORY_H 1
| #define HAVE_STRINGS_H 1
| #define HAVE_INTTYPES_H 1
| #define HAVE_STDINT_H 1
| #define HAVE_UNISTD_H 1
| #define HAVE_DLFCN_H 1
| #define LT_OBJDIR ".libs/"
| #define HAVE_STDLIB_H 1
| #define HAVE_STRING_H 1
| /* end confdefs.h.  */
| #include <stdio.h>
| #ifdef HAVE_SYS_TYPES_H
| # include <sys/types.h>
| #endif
| #ifdef HAVE_SYS_STAT_H
| # include <sys/stat.h>
| #endif
| #ifdef STDC_HEADERS
| # include <stdlib.h>
| # include <stddef.h>
| #else
| # ifdef HAVE_STDLIB_H
| #  include <stdlib.h>
| # endif
| #endif
| #ifdef HAVE_STRING_H
| # if !defined STDC_HEADERS && defined HAVE_MEMORY_H
| #  include <memory.h>
| # endif
| # include <string.h>
| #endif
| #ifdef HAVE_STRINGS_H
| # include <strings.h>
| #endif
| #ifdef HAVE_INTTYPES_H
| # include <inttypes.h>
| #endif
| #ifdef HAVE_STDINT_H
| # include <stdint.h>
| #endif
| #ifdef HAVE_UNISTD_H
| # include <unistd.h>
| #endif
| int
| main ()
| {
| if (sizeof ((_Bool)))
| 	    return 0;
|   ;
|   return 0;
| }
configure:16008: result: yes
configure:16025: checking for inline
configure:16041: gcc -c -g -O2  conftest.c >&5
configure:16041: $? = 0
configure:16049: result: inline
configure:16206: creating ./config.status

## ---------------------- ##
## Running config.status. ##
## ---------------------- ##

This file was extended by xmlplus config.status 0.2, which was
generated by GNU Autoconf 2.69.  Invocation command line was

  CONFIG_FILES    = 
  CONFIG_HEADERS  = 
  CONFIG_LINKS    = 
  CONFIG_COMMANDS = 
  $ ./config.status 

on sbf09

config.status:1149: creating src/Makefile
config.status:1149: creating include/Makefile
config.status:1149: creating src/XPlus/Makefile
config.status:1149: creating src/Poco/Makefile
config.status:1149: creating src/DOM/Makefile
config.status:1149: creating src/XSD/Makefile
config.status:1149: creating src/tools/Makefile
config.status:1149: creating Makefile
config.status:1149: creating config.h
config.status:1330: config.h is unchanged
config.status:1378: executing depfiles commands
config.status:1378: executing libtool commands

## ---------------- ##
## Cache variables. ##
## ---------------- ##

ac_cv_build=i386-pc-linux-gnu
ac_cv_c_compiler_gnu=yes
ac_cv_c_inline=inline
ac_cv_cxx_compiler_gnu=yes
ac_cv_env_CCC_set=
ac_cv_env_CCC_value=
ac_cv_env_CC_set=
ac_cv_env_CC_value=
ac_cv_env_CFLAGS_set=
ac_cv_env_CFLAGS_value=
ac_cv_env_CPPFLAGS_set=
ac_cv_env_CPPFLAGS_value=
ac_cv_env_CPP_set=
ac_cv_env_CPP_value=
ac_cv_env_CXXCPP_set=
ac_cv_env_CXXCPP_value=
ac_cv_env_CXXFLAGS_set=
ac_cv_env_CXXFLAGS_value=
ac_cv_env_CXX_set=
ac_cv_env_CXX_value=
ac_cv_env_LDFLAGS_set=
ac_cv_env_LDFLAGS_value=
ac_cv_env_LIBS_set=
ac_cv_env_LIBS_value=
ac_cv_env_build_alias_set=
ac_cv_env_build_alias_value=
ac_cv_env_host_alias_set=
ac_cv_env_host_alias_value=
ac_cv_env_target_alias_set=
ac_cv_env_target_alias_value=
ac_cv_header_dlfcn_h=yes
ac_cv_header_inttypes_h=yes
ac_cv_header_memory_h=yes
ac_cv_header_stdbool_h=yes
ac_cv_header_stdc=yes
ac_cv_header_stdint_h=yes
ac_cv_header_stdlib_h=yes
ac_cv_header_string_h=yes
ac_cv_header_strings_h=yes
ac_cv_header_sys_stat_h=yes
ac_cv_header_sys_types_h=yes
ac_cv_header_unistd_h=yes
ac_cv_host=i386-pc-linux-gnu
ac_cv_objext=o
ac_cv_path_EGREP='/bin/grep -E'
ac_cv_path_FGREP='/bin/grep -F'
ac_cv_path_GREP=/bin/grep
ac_cv_path_SED=/bin/sed
ac_cv_path_install='/usr/bin/install -c'
ac_cv_path_mkdir=/bin/mkdir
ac_cv_prog_AWK=mawk
ac_cv_prog_CPP='gcc -E'
ac_cv_prog_CXXCPP='g++ -E'
ac_cv_prog_ac_ct_AR=ar
ac_cv_prog_ac_ct_CC=gcc
ac_cv_prog_ac_ct_CXX=g++
ac_cv_prog_ac_ct_MANIFEST_TOOL=mt
ac_cv_prog_ac_ct_OBJDUMP=objdump
ac_cv_prog_ac_ct_RANLIB=ranlib
ac_cv_prog_ac_ct_STRIP=strip
ac_cv_prog_cc_c89=
ac_cv_prog_cc_g=yes
ac_cv_prog_cxx_g=yes
ac_cv_prog_make_make_set=yes
ac_cv_type__Bool=yes
am_cv_CC_dependencies_compiler_type=gcc3
am_cv_CXX_dependencies_compiler_type=gcc3
lt_cv_ar_at_file=@
lt_cv_archive_cmds_need_lc=no
lt_cv_deplibs_check_method=pass_all
lt_cv_file_magic_cmd='$MAGIC_CMD'
lt_cv_file_magic_test_file=
lt_cv_ld_reload_flag=-r
lt_cv_nm_interface='BSD nm'
lt_cv_objdir=.libs
lt_cv_path_LD=/usr/bin/ld
lt_cv_path_LDCXX=/usr/bin/ld
lt_cv_path_NM='/usr/bin/nm -B'
lt_cv_path_mainfest_tool=no
lt_cv_prog_compiler_c_o=yes
lt_cv_prog_compiler_c_o_CXX=yes
lt_cv_prog_compiler_pic='-fPIC -DPIC'
lt_cv_prog_compiler_pic_CXX='-fPIC -DPIC'
lt_cv_prog_compiler_pic_works=yes
lt_cv_prog_compiler_pic_works_CXX=yes
lt_cv_prog_compiler_rtti_exceptions=no
lt_cv_prog_compiler_static_works=yes
lt_cv_prog_compiler_static_works_CXX=yes
lt_cv_prog_gnu_ld=yes
lt_cv_prog_gnu_ldcxx=yes
lt_cv_sharedlib_from_linklib_cmd='printf %s\n'
lt_cv_shlibpath_overrides_runpath=no
lt_cv_sys_global_symbol_pipe='sed -n -e '\''s/^.*[	 ]\([ABCDGIRSTW][ABCDGIRSTW]*\)[	 ][	 ]*\([_A-Za-z][_A-Za-z0-9]*\)$/\1 \2 \2/p'\'' | sed '\''/ __gnu_lto/d'\'''
lt_cv_sys_global_symbol_to_c_name_address='sed -n -e '\''s/^: \([^ ]*\)[ ]*$/  {\"\1\", (void *) 0},/p'\'' -e '\''s/^[ABCDGIRSTW]* \([^ ]*\) \([^ ]*\)$/  {"\2", (void *) \&\2},/p'\'''
lt_cv_sys_global_symbol_to_c_name_address_lib_prefix='sed -n -e '\''s/^: \([^ ]*\)[ ]*$/  {\"\1\", (void *) 0},/p'\'' -e '\''s/^[ABCDGIRSTW]* \([^ ]*\) \(lib[^ ]*\)$/  {"\2", (void *) \&\2},/p'\'' -e '\''s/^[ABCDGIRSTW]* \([^ ]*\) \([^ ]*\)$/  {"lib\2", (void *) \&\2},/p'\'''
lt_cv_sys_global_symbol_to_cdecl='sed -n -e '\''s/^T .* \(.*\)$/extern int \1();/p'\'' -e '\''s/^[ABCDGIRSTW]* .* \(.*\)$/extern char \1;/p'\'''
lt_cv_sys_max_cmd_len=1572864
lt_cv_to_host_file_cmd=func_convert_file_noop
lt_cv_to_tool_file_cmd=func_convert_file_noop

## ----------------- ##
## Output variables. ##
## ----------------- ##

ACLOCAL='${SHELL} /home/ramoncin/socam/svn/socam/trunk/libs/xmlplus-0.2.1/missing --run aclocal-1.11'
AMDEPBACKSLASH='\'
AMDEP_FALSE='#'
AMDEP_TRUE=''
AMTAR='${SHELL} /home/ramoncin/socam/svn/socam/trunk/libs/xmlplus-0.2.1/missing --run tar'
AR='ar'
AUTOCONF='${SHELL} /home/ramoncin/socam/svn/socam/trunk/libs/xmlplus-0.2.1/missing --run autoconf'
AUTOHEADER='${SHELL} /home/ramoncin/socam/svn/socam/trunk/libs/xmlplus-0.2.1/missing --run autoheader'
AUTOMAKE='${SHELL} /home/ramoncin/socam/svn/socam/trunk/libs/xmlplus-0.2.1/missing --run automake-1.11'
AWK='mawk'
CC='gcc'
CCDEPMODE='depmode=gcc3'
CFLAGS='-g -O2'
CPP='gcc -E'
CPPFLAGS=''
CXX='g++'
CXXCPP='g++ -E'
CXXDEPMODE='depmode=gcc3'
CXXFLAGS='-O2'
CYGPATH_W='echo'
DEFS='-DHAVE_CONFIG_H'
DEPDIR='.deps'
DLLTOOL='false'
DSYMUTIL=''
DUMPBIN=''
ECHO_C=''
ECHO_N='-n'
ECHO_T=''
EGREP='/bin/grep -E'
EXEEXT=''
FGREP='/bin/grep -F'
GREP='/bin/grep'
INSTALL_DATA='${INSTALL} -m 644'
INSTALL_PROGRAM='${INSTALL}'
INSTALL_SCRIPT='${INSTALL}'
INSTALL_STRIP_PROGRAM='$(install_sh) -c -s'
LD='/usr/bin/ld'
LDFLAGS=''
LIBOBJS=''
LIBS=''
LIBTOOL='$(SHELL) $(top_builddir)/libtool'
LIPO=''
LN_S='ln -s'
LTLIBOBJS=''
MAKEINFO='${SHELL} /home/ramoncin/socam/svn/socam/trunk/libs/xmlplus-0.2.1/missing --run makeinfo'
MANIFEST_TOOL=':'
MKDIR_P='/bin/mkdir -p'
NM='/usr/bin/nm -B'
NMEDIT=''
OBJDUMP='objdump'
OBJEXT='o'
OTOOL64=''
OTOOL=''
PACKAGE='xmlplus'
PACKAGE_BUGREPORT='xmlplus.bugs@gmail.com'
PACKAGE_NAME='xmlplus'
PACKAGE_STRING='xmlplus 0.2'
PACKAGE_TARNAME='xmlplus'
PACKAGE_URL=''
PACKAGE_VERSION='0.2'
PATH_SEPARATOR=':'
RANLIB='ranlib'
SED='/bin/sed'
SET_MAKE=''
SHELL='/bin/bash'
STRIP='strip'
VERSION='0.2'
ac_ct_AR='ar'
ac_ct_CC='gcc'
ac_ct_CXX='g++'
ac_ct_DUMPBIN=''
am__EXEEXT_FALSE=''
am__EXEEXT_TRUE='#'
am__fastdepCC_FALSE='#'
am__fastdepCC_TRUE=''
am__fastdepCXX_FALSE='#'
am__fastdepCXX_TRUE=''
am__include='include'
am__isrc=''
am__leading_dot='.'
am__quote=''
am__tar='${AMTAR} chof - "$$tardir"'
am__untar='${AMTAR} xf -'
bindir='${exec_prefix}/bin'
build='i386-pc-linux-gnu'
build_alias=''
build_cpu='i386'
build_os='linux-gnu'
build_vendor='pc'
datadir='${datarootdir}'
datarootdir='${prefix}/share'
docdir='${datarootdir}/doc/${PACKAGE_TARNAME}'
dvidir='${docdir}'
exec_prefix='${prefix}'
host='i386-pc-linux-gnu'
host_alias=''
host_cpu='i386'
host_os='linux-gnu'
host_vendor='pc'
htmldir='${docdir}'
includedir='${prefix}/include'
infodir='${datarootdir}/info'
install_sh='${SHELL} /home/ramoncin/socam/svn/socam/trunk/libs/xmlplus-0.2.1/install-sh'
libdir='${exec_prefix}/lib'
libexecdir='${exec_prefix}/libexec'
localedir='${datarootdir}/locale'
localstatedir='${prefix}/var'
mandir='${datarootdir}/man'
mkdir_p='/bin/mkdir -p'
oldincludedir='/usr/include'
pdfdir='${docdir}'
prefix='/home/ramoncin/kk'
program_transform_name='s,x,x,'
psdir='${docdir}'
sbindir='${exec_prefix}/sbin'
sharedstatedir='${prefix}/com'
sysconfdir='${prefix}/etc'
target_alias=''

## ----------- ##
## confdefs.h. ##
## ----------- ##

/* confdefs.h */
#define PACKAGE_NAME "xmlplus"
#define PACKAGE_TARNAME "xmlplus"
#define PACKAGE_VERSION "0.2"
#define PACKAGE_STRING "xmlplus 0.2"
#define PACKAGE_BUGREPORT "xmlplus.bugs@gmail.com"
#define PACKAGE_URL ""
#define PACKAGE "xmlplus"
#define VERSION "0.2"
#define STDC_HEADERS 1
#define HAVE_SYS_TYPES_H 1
#define HAVE_SYS_STAT_H 1
#define HAVE_STDLIB_H 1
#define HAVE_STRING_H 1
#define HAVE_MEMORY_H 1
#define HAVE_STRINGS_H 1
#define HAVE_INTTYPES_H 1
#define HAVE_STDINT_H 1
#define HAVE_UNISTD_H 1
#define HAVE_DLFCN_H 1
#define LT_OBJDIR ".libs/"
#define HAVE_STDLIB_H 1
#define HAVE_STRING_H 1
#define HAVE__BOOL 1
#define HAVE_STDBOOL_H 1

configure: exit 0
