This file contains any messages produced by compilers while
running configure, to aid debugging if configure makes a mistake.

It was created by xplus-mails configure 1.0, which was
generated by GNU Autoconf 2.68.  Invocation command line was

  $ ./configure --prefix=/usr

## --------- ##
## Platform. ##
## --------- ##

hostname = sbf23
uname -m = x86_64
uname -r = 3.2.0-23-generic
uname -s = Linux
uname -v = #36-Ubuntu SMP Tue Apr 10 20:39:51 UTC 2012

/usr/bin/uname -p = unknown
/bin/uname -X     = unknown

/bin/arch              = unknown
/usr/bin/arch -k       = unknown
/usr/convex/getsysinfo = unknown
/usr/bin/hostinfo      = unknown
/bin/machine           = unknown
/usr/bin/oslevel       = unknown
/bin/universe          = unknown

PATH: /usr/lib/lightdm/lightdm
PATH: /usr/local/sbin
PATH: /usr/local/bin
PATH: /usr/sbin
PATH: /usr/bin
PATH: /sbin
PATH: /bin
PATH: /usr/games


## ----------- ##
## Core tests. ##
## ----------- ##

configure:2394: checking for a BSD-compatible install
configure:2462: result: /usr/bin/install -c
configure:2473: checking whether build environment is sane
configure:2523: result: yes
configure:2664: checking for a thread-safe mkdir -p
configure:2703: result: /bin/mkdir -p
configure:2716: checking for gawk
configure:2746: result: no
configure:2716: checking for mawk
configure:2732: found /usr/bin/mawk
configure:2743: result: mawk
configure:2754: checking whether make sets $(MAKE)
configure:2776: result: yes
configure:2888: checking build system type
configure:2902: result: x86_64-unknown-linux-gnu
configure:2922: checking host system type
configure:2935: result: x86_64-unknown-linux-gnu
configure:2976: checking how to print strings
configure:3003: result: printf
configure:3036: checking for style of include used by make
configure:3064: result: GNU
configure:3135: checking for gcc
configure:3151: found /usr/bin/gcc
configure:3162: result: gcc
configure:3391: checking for C compiler version
configure:3400: gcc --version >&5
gcc (Ubuntu/Linaro 4.6.3-1ubuntu5) 4.6.3
Copyright (C) 2011 Free Software Foundation, Inc.
This is free software; see the source for copying conditions.  There is NO
warranty; not even for MERCHANTABILITY or FITNESS FOR A PARTICULAR PURPOSE.

configure:3411: $? = 0
configure:3400: gcc -v >&5
Using built-in specs.
COLLECT_GCC=gcc
COLLECT_LTO_WRAPPER=/usr/lib/gcc/x86_64-linux-gnu/4.6/lto-wrapper
Target: x86_64-linux-gnu
Configured with: ../src/configure -v --with-pkgversion='Ubuntu/Linaro 4.6.3-1ubuntu5' --with-bugurl=file:///usr/share/doc/gcc-4.6/README.Bugs --enable-languages=c,c++,fortran,objc,obj-c++ --prefix=/usr --program-suffix=-4.6 --enable-shared --enable-linker-build-id --with-system-zlib --libexecdir=/usr/lib --without-included-gettext --enable-threads=posix --with-gxx-include-dir=/usr/include/c++/4.6 --libdir=/usr/lib --enable-nls --with-sysroot=/ --enable-clocale=gnu --enable-libstdcxx-debug --enable-libstdcxx-time=yes --enable-gnu-unique-object --enable-plugin --enable-objc-gc --disable-werror --with-arch-32=i686 --with-tune=generic --enable-checking=release --build=x86_64-linux-gnu --host=x86_64-linux-gnu --target=x86_64-linux-gnu
Thread model: posix
gcc version 4.6.3 (Ubuntu/Linaro 4.6.3-1ubuntu5) 
configure:3411: $? = 0
configure:3400: gcc -V >&5
gcc: error: unrecognized option '-V'
gcc: fatal error: no input files
compilation terminated.
configure:3411: $? = 4
configure:3400: gcc -qversion >&5
gcc: error: unrecognized option '-qversion'
gcc: fatal error: no input files
compilation terminated.
configure:3411: $? = 4
configure:3431: checking whether the C compiler works
configure:3453: gcc    conftest.c  >&5
configure:3457: $? = 0
configure:3505: result: yes
configure:3508: checking for C compiler default output file name
configure:3510: result: a.out
configure:3516: checking for suffix of executables
configure:3523: gcc -o conftest    conftest.c  >&5
configure:3527: $? = 0
configure:3549: result: 
configure:3571: checking whether we are cross compiling
configure:3579: gcc -o conftest    conftest.c  >&5
configure:3583: $? = 0
configure:3590: ./conftest
configure:3594: $? = 0
configure:3609: result: no
configure:3614: checking for suffix of object files
configure:3636: gcc -c   conftest.c >&5
configure:3640: $? = 0
configure:3661: result: o
configure:3665: checking whether we are using the GNU C compiler
configure:3684: gcc -c   conftest.c >&5
configure:3684: $? = 0
configure:3693: result: yes
configure:3702: checking whether gcc accepts -g
configure:3722: gcc -c -g  conftest.c >&5
configure:3722: $? = 0
configure:3763: result: yes
configure:3780: checking for gcc option to accept ISO C89
configure:3844: gcc  -c -g -O2  conftest.c >&5
configure:3844: $? = 0
configure:3857: result: none needed
configure:3879: checking dependency style of gcc
configure:3990: result: gcc3
configure:4005: checking for a sed that does not truncate output
configure:4069: result: /bin/sed
configure:4087: checking for grep that handles long lines and -e
configure:4145: result: /bin/grep
configure:4150: checking for egrep
configure:4212: result: /bin/grep -E
configure:4217: checking for fgrep
configure:4279: result: /bin/grep -F
configure:4314: checking for ld used by gcc
configure:4381: result: /usr/bin/ld
configure:4388: checking if the linker (/usr/bin/ld) is GNU ld
configure:4403: result: yes
configure:4415: checking for BSD- or MS-compatible name lister (nm)
configure:4464: result: /usr/bin/nm -B
configure:4594: checking the name lister (/usr/bin/nm -B) interface
configure:4601: gcc -c -g -O2  conftest.c >&5
configure:4604: /usr/bin/nm -B "conftest.o"
configure:4607: output
0000000000000000 B some_variable
configure:4614: result: BSD nm
configure:4617: checking whether ln -s works
configure:4621: result: yes
configure:4629: checking the maximum length of command line arguments
configure:4759: result: 1572864
configure:4776: checking whether the shell understands some XSI constructs
configure:4786: result: yes
configure:4790: checking whether the shell understands "+="
configure:4796: result: yes
configure:4831: checking how to convert x86_64-unknown-linux-gnu file names to x86_64-unknown-linux-gnu format
configure:4871: result: func_convert_file_noop
configure:4878: checking how to convert x86_64-unknown-linux-gnu file names to toolchain format
configure:4898: result: func_convert_file_noop
configure:4905: checking for /usr/bin/ld option to reload object files
configure:4912: result: -r
configure:4986: checking for objdump
configure:5002: found /usr/bin/objdump
configure:5013: result: objdump
configure:5045: checking how to recognize dependent libraries
configure:5247: result: pass_all
configure:5332: checking for dlltool
configure:5362: result: no
configure:5392: checking how to associate runtime and link libraries
configure:5419: result: printf %s\n
configure:5480: checking for ar
configure:5496: found /usr/bin/ar
configure:5507: result: ar
configure:5544: checking for archiver @FILE support
configure:5561: gcc -c -g -O2  conftest.c >&5
configure:5561: $? = 0
configure:5564: ar cru libconftest.a @conftest.lst >&5
configure:5567: $? = 0
configure:5572: ar cru libconftest.a @conftest.lst >&5
ar: conftest.o: No such file or directory
configure:5575: $? = 1
configure:5587: result: @
configure:5645: checking for strip
configure:5661: found /usr/bin/strip
configure:5672: result: strip
configure:5744: checking for ranlib
configure:5760: found /usr/bin/ranlib
configure:5771: result: ranlib
configure:5873: checking command to parse /usr/bin/nm -B output from gcc object
configure:5993: gcc -c -g -O2  conftest.c >&5
configure:5996: $? = 0
configure:6000: /usr/bin/nm -B conftest.o \| sed -n -e 's/^.*[ ]\([ABCDGIRSTW][ABCDGIRSTW]*\)[ ][ ]*\([_A-Za-z][_A-Za-z0-9]*\)$/\1 \2 \2/p' | sed '/ __gnu_lto/d' \> conftest.nm
configure:6003: $? = 0
configure:6069: gcc -o conftest -g -O2   conftest.c conftstm.o >&5
configure:6072: $? = 0
configure:6110: result: ok
configure:6147: checking for sysroot
configure:6177: result: no
configure:6254: gcc -c -g -O2  conftest.c >&5
configure:6257: $? = 0
configure:6433: checking for mt
configure:6449: found /bin/mt
configure:6460: result: mt
configure:6483: checking if mt is a manifest tool
configure:6489: mt '-?'
configure:6497: result: no
configure:7139: checking how to run the C preprocessor
configure:7170: gcc -E  conftest.c
configure:7170: $? = 0
configure:7184: gcc -E  conftest.c
conftest.c:11:28: fatal error: ac_nonexistent.h: No such file or directory
compilation terminated.
configure:7184: $? = 1
configure: failed program was:
| /* confdefs.h */
| #define PACKAGE_NAME "xplus-mails"
| #define PACKAGE_TARNAME "xplus-mails"
| #define PACKAGE_VERSION "1.0"
| #define PACKAGE_STRING "xplus-mails 1.0"
| #define PACKAGE_BUGREPORT "BUG-REPORT-ADDRESS"
| #define PACKAGE_URL ""
| #define PACKAGE "xplus-mails"
| #define VERSION "1.0"
| /* end confdefs.h.  */
| #include <ac_nonexistent.h>
configure:7209: result: gcc -E
configure:7229: gcc -E  conftest.c
configure:7229: $? = 0
configure:7243: gcc -E  conftest.c
conftest.c:11:28: fatal error: ac_nonexistent.h: No such file or directory
compilation terminated.
configure:7243: $? = 1
configure: failed program was:
| /* confdefs.h */
| #define PACKAGE_NAME "xplus-mails"
| #define PACKAGE_TARNAME "xplus-mails"
| #define PACKAGE_VERSION "1.0"
| #define PACKAGE_STRING "xplus-mails 1.0"
| #define PACKAGE_BUGREPORT "BUG-REPORT-ADDRESS"
| #define PACKAGE_URL ""
| #define PACKAGE "xplus-mails"
| #define VERSION "1.0"
| /* end confdefs.h.  */
| #include <ac_nonexistent.h>
configure:7272: checking for ANSI C header files
configure:7292: gcc -c -g -O2  conftest.c >&5
configure:7292: $? = 0
configure:7365: gcc -o conftest -g -O2   conftest.c  >&5
configure:7365: $? = 0
configure:7365: ./conftest
configure:7365: $? = 0
configure:7376: result: yes
configure:7389: checking for sys/types.h
configure:7389: gcc -c -g -O2  conftest.c >&5
configure:7389: $? = 0
configure:7389: result: yes
configure:7389: checking for sys/stat.h
configure:7389: gcc -c -g -O2  conftest.c >&5
configure:7389: $? = 0
configure:7389: result: yes
configure:7389: checking for stdlib.h
configure:7389: gcc -c -g -O2  conftest.c >&5
configure:7389: $? = 0
configure:7389: result: yes
configure:7389: checking for string.h
configure:7389: gcc -c -g -O2  conftest.c >&5
configure:7389: $? = 0
configure:7389: result: yes
configure:7389: checking for memory.h
configure:7389: gcc -c -g -O2  conftest.c >&5
configure:7389: $? = 0
configure:7389: result: yes
configure:7389: checking for strings.h
configure:7389: gcc -c -g -O2  conftest.c >&5
configure:7389: $? = 0
configure:7389: result: yes
configure:7389: checking for inttypes.h
configure:7389: gcc -c -g -O2  conftest.c >&5
configure:7389: $? = 0
configure:7389: result: yes
configure:7389: checking for stdint.h
configure:7389: gcc -c -g -O2  conftest.c >&5
configure:7389: $? = 0
configure:7389: result: yes
configure:7389: checking for unistd.h
configure:7389: gcc -c -g -O2  conftest.c >&5
configure:7389: $? = 0
configure:7389: result: yes
configure:7403: checking for dlfcn.h
configure:7403: gcc -c -g -O2  conftest.c >&5
configure:7403: $? = 0
configure:7403: result: yes
configure:7609: checking for objdir
configure:7624: result: .libs
configure:7895: checking if gcc supports -fno-rtti -fno-exceptions
configure:7913: gcc -c -g -O2  -fno-rtti -fno-exceptions conftest.c >&5
cc1: warning: command line option '-fno-rtti' is valid for C++/ObjC++ but not for C [enabled by default]
configure:7917: $? = 0
configure:7930: result: no
configure:8257: checking for gcc option to produce PIC
configure:8264: result: -fPIC -DPIC
configure:8272: checking if gcc PIC flag -fPIC -DPIC works
configure:8290: gcc -c -g -O2  -fPIC -DPIC -DPIC conftest.c >&5
configure:8294: $? = 0
configure:8307: result: yes
configure:8336: checking if gcc static flag -static works
configure:8364: result: yes
configure:8379: checking if gcc supports -c -o file.o
configure:8400: gcc -c -g -O2  -o out/conftest2.o conftest.c >&5
configure:8404: $? = 0
configure:8426: result: yes
configure:8434: checking if gcc supports -c -o file.o
configure:8481: result: yes
configure:8514: checking whether the gcc linker (/usr/bin/ld -m elf_x86_64) supports shared libraries
configure:9671: result: yes
configure:9708: checking whether -lc should be explicitly linked in
configure:9716: gcc -c -g -O2  conftest.c >&5
configure:9719: $? = 0
configure:9734: gcc -shared  -fPIC -DPIC conftest.o  -v -Wl,-soname -Wl,conftest -o conftest 2\>\&1 \| /bin/grep  -lc  \>/dev/null 2\>\&1
configure:9737: $? = 0
configure:9751: result: no
configure:9911: checking dynamic linker characteristics
configure:10422: gcc -o conftest -g -O2   -Wl,-rpath -Wl,/foo conftest.c  >&5
configure:10422: $? = 0
configure:10656: result: GNU/Linux ld.so
configure:10763: checking how to hardcode library paths into programs
configure:10788: result: immediate
configure:11328: checking whether stripping libraries is possible
configure:11333: result: yes
configure:11368: checking if libtool supports shared libraries
configure:11370: result: yes
configure:11373: checking whether to build shared libraries
configure:11394: result: yes
configure:11397: checking whether to build static libraries
configure:11401: result: yes
configure:11551: checking for doxygen
configure:11584: result: no
configure:11604: WARNING: doxygen not found - will not generate any doxygen documentation
configure:11657: checking for perl
configure:11675: found /usr/bin/perl
configure:11687: result: /usr/bin/perl
configure:13439: checking for g++
configure:13455: found /usr/bin/g++
configure:13466: result: g++
configure:13493: checking for C++ compiler version
configure:13502: g++ --version >&5
g++ (Ubuntu/Linaro 4.6.3-1ubuntu5) 4.6.3
Copyright (C) 2011 Free Software Foundation, Inc.
This is free software; see the source for copying conditions.  There is NO
warranty; not even for MERCHANTABILITY or FITNESS FOR A PARTICULAR PURPOSE.

configure:13513: $? = 0
configure:13502: g++ -v >&5
Using built-in specs.
COLLECT_GCC=g++
COLLECT_LTO_WRAPPER=/usr/lib/gcc/x86_64-linux-gnu/4.6/lto-wrapper
Target: x86_64-linux-gnu
Configured with: ../src/configure -v --with-pkgversion='Ubuntu/Linaro 4.6.3-1ubuntu5' --with-bugurl=file:///usr/share/doc/gcc-4.6/README.Bugs --enable-languages=c,c++,fortran,objc,obj-c++ --prefix=/usr --program-suffix=-4.6 --enable-shared --enable-linker-build-id --with-system-zlib --libexecdir=/usr/lib --without-included-gettext --enable-threads=posix --with-gxx-include-dir=/usr/include/c++/4.6 --libdir=/usr/lib --enable-nls --with-sysroot=/ --enable-clocale=gnu --enable-libstdcxx-debug --enable-libstdcxx-time=yes --enable-gnu-unique-object --enable-plugin --enable-objc-gc --disable-werror --with-arch-32=i686 --with-tune=generic --enable-checking=release --build=x86_64-linux-gnu --host=x86_64-linux-gnu --target=x86_64-linux-gnu
Thread model: posix
gcc version 4.6.3 (Ubuntu/Linaro 4.6.3-1ubuntu5) 
configure:13513: $? = 0
configure:13502: g++ -V >&5
g++: error: unrecognized option '-V'
g++: fatal error: no input files
compilation terminated.
configure:13513: $? = 4
configure:13502: g++ -qversion >&5
g++: error: unrecognized option '-qversion'
g++: fatal error: no input files
compilation terminated.
configure:13513: $? = 4
configure:13517: checking whether we are using the GNU C++ compiler
configure:13536: g++ -c   conftest.cpp >&5
configure:13536: $? = 0
configure:13545: result: yes
configure:13554: checking whether g++ accepts -g
configure:13574: g++ -c -g  conftest.cpp >&5
configure:13574: $? = 0
configure:13615: result: yes
configure:13640: checking dependency style of g++
configure:13751: result: gcc3
configure:13784: checking how to run the C++ preprocessor
configure:13811: g++ -E  conftest.cpp
configure:13811: $? = 0
configure:13825: g++ -E  conftest.cpp
conftest.cpp:23:28: fatal error: ac_nonexistent.h: No such file or directory
compilation terminated.
configure:13825: $? = 1
configure: failed program was:
| /* confdefs.h */
| #define PACKAGE_NAME "xplus-mails"
| #define PACKAGE_TARNAME "xplus-mails"
| #define PACKAGE_VERSION "1.0"
| #define PACKAGE_STRING "xplus-mails 1.0"
| #define PACKAGE_BUGREPORT "BUG-REPORT-ADDRESS"
| #define PACKAGE_URL ""
| #define PACKAGE "xplus-mails"
| #define VERSION "1.0"
| #define STDC_HEADERS 1
| #define HAVE_SYS_TYPES_H 1
| #define HAVE_SYS_STAT_H 1
| #define HAVE_STDLIB_H 1
| #define HAVE_STRING_H 1
| #define HAVE_MEMORY_H 1
| #define HAVE_STRINGS_H 1
| #define HAVE_INTTYPES_H 1
| #define HAVE_STDINT_H 1
| #define HAVE_UNISTD_H 1
| #define HAVE_DLFCN_H 1
| #define LT_OBJDIR ".libs/"
| /* end confdefs.h.  */
| #include <ac_nonexistent.h>
configure:13850: result: g++ -E
configure:13870: g++ -E  conftest.cpp
configure:13870: $? = 0
configure:13884: g++ -E  conftest.cpp
conftest.cpp:23:28: fatal error: ac_nonexistent.h: No such file or directory
compilation terminated.
configure:13884: $? = 1
configure: failed program was:
| /* confdefs.h */
| #define PACKAGE_NAME "xplus-mails"
| #define PACKAGE_TARNAME "xplus-mails"
| #define PACKAGE_VERSION "1.0"
| #define PACKAGE_STRING "xplus-mails 1.0"
| #define PACKAGE_BUGREPORT "BUG-REPORT-ADDRESS"
| #define PACKAGE_URL ""
| #define PACKAGE "xplus-mails"
| #define VERSION "1.0"
| #define STDC_HEADERS 1
| #define HAVE_SYS_TYPES_H 1
| #define HAVE_SYS_STAT_H 1
| #define HAVE_STDLIB_H 1
| #define HAVE_STRING_H 1
| #define HAVE_MEMORY_H 1
| #define HAVE_STRINGS_H 1
| #define HAVE_INTTYPES_H 1
| #define HAVE_STDINT_H 1
| #define HAVE_UNISTD_H 1
| #define HAVE_DLFCN_H 1
| #define LT_OBJDIR ".libs/"
| /* end confdefs.h.  */
| #include <ac_nonexistent.h>
configure:14053: checking for ld used by g++
configure:14120: result: /usr/bin/ld -m elf_x86_64
configure:14127: checking if the linker (/usr/bin/ld -m elf_x86_64) is GNU ld
configure:14142: result: yes
configure:14197: checking whether the g++ linker (/usr/bin/ld -m elf_x86_64) supports shared libraries
configure:15202: result: yes
configure:15238: g++ -c -g -O2  conftest.cpp >&5
configure:15241: $? = 0
configure:15761: checking for g++ option to produce PIC
configure:15768: result: -fPIC -DPIC
configure:15776: checking if g++ PIC flag -fPIC -DPIC works
configure:15794: g++ -c -g -O2  -fPIC -DPIC -DPIC conftest.cpp >&5
configure:15798: $? = 0
configure:15811: result: yes
configure:15834: checking if g++ static flag -static works
configure:15862: result: yes
configure:15874: checking if g++ supports -c -o file.o
configure:15895: g++ -c -g -O2  -o out/conftest2.o conftest.cpp >&5
configure:15899: $? = 0
configure:15921: result: yes
configure:15926: checking if g++ supports -c -o file.o
configure:15973: result: yes
configure:16003: checking whether the g++ linker (/usr/bin/ld -m elf_x86_64) supports shared libraries
configure:16042: result: yes
configure:16183: checking dynamic linker characteristics
configure:16862: result: GNU/Linux ld.so
configure:16915: checking how to hardcode library paths into programs
configure:16940: result: immediate
configure:17028: checking for gcc
configure:17055: result: gcc
configure:17284: checking for C compiler version
configure:17293: gcc --version >&5
gcc (Ubuntu/Linaro 4.6.3-1ubuntu5) 4.6.3
Copyright (C) 2011 Free Software Foundation, Inc.
This is free software; see the source for copying conditions.  There is NO
warranty; not even for MERCHANTABILITY or FITNESS FOR A PARTICULAR PURPOSE.

configure:17304: $? = 0
configure:17293: gcc -v >&5
Using built-in specs.
COLLECT_GCC=gcc
COLLECT_LTO_WRAPPER=/usr/lib/gcc/x86_64-linux-gnu/4.6/lto-wrapper
Target: x86_64-linux-gnu
Configured with: ../src/configure -v --with-pkgversion='Ubuntu/Linaro 4.6.3-1ubuntu5' --with-bugurl=file:///usr/share/doc/gcc-4.6/README.Bugs --enable-languages=c,c++,fortran,objc,obj-c++ --prefix=/usr --program-suffix=-4.6 --enable-shared --enable-linker-build-id --with-system-zlib --libexecdir=/usr/lib --without-included-gettext --enable-threads=posix --with-gxx-include-dir=/usr/include/c++/4.6 --libdir=/usr/lib --enable-nls --with-sysroot=/ --enable-clocale=gnu --enable-libstdcxx-debug --enable-libstdcxx-time=yes --enable-gnu-unique-object --enable-plugin --enable-objc-gc --disable-werror --with-arch-32=i686 --with-tune=generic --enable-checking=release --build=x86_64-linux-gnu --host=x86_64-linux-gnu --target=x86_64-linux-gnu
Thread model: posix
gcc version 4.6.3 (Ubuntu/Linaro 4.6.3-1ubuntu5) 
configure:17304: $? = 0
configure:17293: gcc -V >&5
gcc: error: unrecognized option '-V'
gcc: fatal error: no input files
compilation terminated.
configure:17304: $? = 4
configure:17293: gcc -qversion >&5
gcc: error: unrecognized option '-qversion'
gcc: fatal error: no input files
compilation terminated.
configure:17304: $? = 4
configure:17308: checking whether we are using the GNU C compiler
configure:17336: result: yes
configure:17345: checking whether gcc accepts -g
configure:17406: result: yes
configure:17423: checking for gcc option to accept ISO C89
configure:17500: result: none needed
configure:17522: checking dependency style of gcc
configure:17633: result: gcc3
configure:17653: checking how to run the C preprocessor
configure:17723: result: gcc -E
configure:17743: gcc -E  conftest.c
configure:17743: $? = 0
configure:17757: gcc -E  conftest.c
conftest.c:23:28: fatal error: ac_nonexistent.h: No such file or directory
compilation terminated.
configure:17757: $? = 1
configure: failed program was:
| /* confdefs.h */
| #define PACKAGE_NAME "xplus-mails"
| #define PACKAGE_TARNAME "xplus-mails"
| #define PACKAGE_VERSION "1.0"
| #define PACKAGE_STRING "xplus-mails 1.0"
| #define PACKAGE_BUGREPORT "BUG-REPORT-ADDRESS"
| #define PACKAGE_URL ""
| #define PACKAGE "xplus-mails"
| #define VERSION "1.0"
| #define STDC_HEADERS 1
| #define HAVE_SYS_TYPES_H 1
| #define HAVE_SYS_STAT_H 1
| #define HAVE_STDLIB_H 1
| #define HAVE_STRING_H 1
| #define HAVE_MEMORY_H 1
| #define HAVE_STRINGS_H 1
| #define HAVE_INTTYPES_H 1
| #define HAVE_STDINT_H 1
| #define HAVE_UNISTD_H 1
| #define HAVE_DLFCN_H 1
| #define LT_OBJDIR ".libs/"
| /* end confdefs.h.  */
| #include <ac_nonexistent.h>
configure:17794: checking for stdbool.h that conforms to C99
configure:17861: gcc -c -g -O2  conftest.c >&5
configure:17861: $? = 0
configure:17868: result: yes
configure:17870: checking for _Bool
configure:17870: gcc -c -g -O2  conftest.c >&5
configure:17870: $? = 0
configure:17870: gcc -c -g -O2  conftest.c >&5
conftest.c: In function 'main':
conftest.c:59:20: error: expected expression before ')' token
configure:17870: $? = 1
configure: failed program was:
| /* confdefs.h */
| #define PACKAGE_NAME "xplus-mails"
| #define PACKAGE_TARNAME "xplus-mails"
| #define PACKAGE_VERSION "1.0"
| #define PACKAGE_STRING "xplus-mails 1.0"
| #define PACKAGE_BUGREPORT "BUG-REPORT-ADDRESS"
| #define PACKAGE_URL ""
| #define PACKAGE "xplus-mails"
| #define VERSION "1.0"
| #define STDC_HEADERS 1
| #define HAVE_SYS_TYPES_H 1
| #define HAVE_SYS_STAT_H 1
| #define HAVE_STDLIB_H 1
| #define HAVE_STRING_H 1
| #define HAVE_MEMORY_H 1
| #define HAVE_STRINGS_H 1
| #define HAVE_INTTYPES_H 1
| #define HAVE_STDINT_H 1
| #define HAVE_UNISTD_H 1
| #define HAVE_DLFCN_H 1
| #define LT_OBJDIR ".libs/"
| /* end confdefs.h.  */
| #include <stdio.h>
| #ifdef HAVE_SYS_TYPES_H
| # include <sys/types.h>
| #endif
| #ifdef HAVE_SYS_STAT_H
| # include <sys/stat.h>
| #endif
| #ifdef STDC_HEADERS
| # include <stdlib.h>
| # include <stddef.h>
| #else
| # ifdef HAVE_STDLIB_H
| #  include <stdlib.h>
| # endif
| #endif
| #ifdef HAVE_STRING_H
| # if !defined STDC_HEADERS && defined HAVE_MEMORY_H
| #  include <memory.h>
| # endif
| # include <string.h>
| #endif
| #ifdef HAVE_STRINGS_H
| # include <strings.h>
| #endif
| #ifdef HAVE_INTTYPES_H
| # include <inttypes.h>
| #endif
| #ifdef HAVE_STDINT_H
| # include <stdint.h>
| #endif
| #ifdef HAVE_UNISTD_H
| # include <unistd.h>
| #endif
| int
| main ()
| {
| if (sizeof ((_Bool)))
| 	    return 0;
|   ;
|   return 0;
| }
configure:17870: result: yes
configure:17886: checking for inline
configure:17902: gcc -c -g -O2  conftest.c >&5
configure:17902: $? = 0
configure:17910: result: inline
configure:18157: creating ./config.status

## ---------------------- ##
## Running config.status. ##
## ---------------------- ##

This file was extended by xplus-mails config.status 1.0, which was
generated by GNU Autoconf 2.68.  Invocation command line was

  CONFIG_FILES    = 
  CONFIG_HEADERS  = 
  CONFIG_LINKS    = 
  CONFIG_COMMANDS = 
  $ ./config.status 

on sbf23

config.status:1203: creating src/Makefile
config.status:1203: creating include/Makefile
config.status:1203: creating Makefile
config.status:1203: creating config.h
config.status:1384: config.h is unchanged
config.status:1432: executing depfiles commands
config.status:1432: executing libtool commands

## ---------------- ##
## Cache variables. ##
## ---------------- ##

ac_cv_build=x86_64-unknown-linux-gnu
ac_cv_c_compiler_gnu=yes
ac_cv_c_inline=inline
ac_cv_cxx_compiler_gnu=yes
ac_cv_env_CCC_set=
ac_cv_env_CCC_value=
ac_cv_env_CC_set=
ac_cv_env_CC_value=
ac_cv_env_CFLAGS_set=
ac_cv_env_CFLAGS_value=
ac_cv_env_CPPFLAGS_set=
ac_cv_env_CPPFLAGS_value=
ac_cv_env_CPP_set=
ac_cv_env_CPP_value=
ac_cv_env_CXXCPP_set=
ac_cv_env_CXXCPP_value=
ac_cv_env_CXXFLAGS_set=
ac_cv_env_CXXFLAGS_value=
ac_cv_env_CXX_set=
ac_cv_env_CXX_value=
ac_cv_env_DOXYGEN_PAPER_SIZE_set=
ac_cv_env_DOXYGEN_PAPER_SIZE_value=
ac_cv_env_LDFLAGS_set=
ac_cv_env_LDFLAGS_value=
ac_cv_env_LIBS_set=
ac_cv_env_LIBS_value=
ac_cv_env_build_alias_set=
ac_cv_env_build_alias_value=
ac_cv_env_host_alias_set=
ac_cv_env_host_alias_value=
ac_cv_env_target_alias_set=
ac_cv_env_target_alias_value=
ac_cv_header_dlfcn_h=yes
ac_cv_header_inttypes_h=yes
ac_cv_header_memory_h=yes
ac_cv_header_stdbool_h=yes
ac_cv_header_stdc=yes
ac_cv_header_stdint_h=yes
ac_cv_header_stdlib_h=yes
ac_cv_header_string_h=yes
ac_cv_header_strings_h=yes
ac_cv_header_sys_stat_h=yes
ac_cv_header_sys_types_h=yes
ac_cv_header_unistd_h=yes
ac_cv_host=x86_64-unknown-linux-gnu
ac_cv_objext=o
ac_cv_path_EGREP='/bin/grep -E'
ac_cv_path_FGREP='/bin/grep -F'
ac_cv_path_GREP=/bin/grep
ac_cv_path_SED=/bin/sed
ac_cv_path_ac_pt_DX_PERL=/usr/bin/perl
ac_cv_path_install='/usr/bin/install -c'
ac_cv_path_mkdir=/bin/mkdir
ac_cv_prog_AWK=mawk
ac_cv_prog_CPP='gcc -E'
ac_cv_prog_CXXCPP='g++ -E'
ac_cv_prog_ac_ct_AR=ar
ac_cv_prog_ac_ct_CC=gcc
ac_cv_prog_ac_ct_CXX=g++
ac_cv_prog_ac_ct_MANIFEST_TOOL=mt
ac_cv_prog_ac_ct_OBJDUMP=objdump
ac_cv_prog_ac_ct_RANLIB=ranlib
ac_cv_prog_ac_ct_STRIP=strip
ac_cv_prog_cc_c89=
ac_cv_prog_cc_g=yes
ac_cv_prog_cxx_g=yes
ac_cv_prog_make_make_set=yes
ac_cv_type__Bool=yes
am_cv_CC_dependencies_compiler_type=gcc3
am_cv_CXX_dependencies_compiler_type=gcc3
lt_cv_ar_at_file=@
lt_cv_archive_cmds_need_lc=no
lt_cv_deplibs_check_method=pass_all
lt_cv_file_magic_cmd='$MAGIC_CMD'
lt_cv_file_magic_test_file=
lt_cv_ld_reload_flag=-r
lt_cv_nm_interface='BSD nm'
lt_cv_objdir=.libs
lt_cv_path_LD=/usr/bin/ld
lt_cv_path_LDCXX='/usr/bin/ld -m elf_x86_64'
lt_cv_path_NM='/usr/bin/nm -B'
lt_cv_path_mainfest_tool=no
lt_cv_prog_compiler_c_o=yes
lt_cv_prog_compiler_c_o_CXX=yes
lt_cv_prog_compiler_pic='-fPIC -DPIC'
lt_cv_prog_compiler_pic_CXX='-fPIC -DPIC'
lt_cv_prog_compiler_pic_works=yes
lt_cv_prog_compiler_pic_works_CXX=yes
lt_cv_prog_compiler_rtti_exceptions=no
lt_cv_prog_compiler_static_works=yes
lt_cv_prog_compiler_static_works_CXX=yes
lt_cv_prog_gnu_ld=yes
lt_cv_prog_gnu_ldcxx=yes
lt_cv_sharedlib_from_linklib_cmd='printf %s\n'
lt_cv_shlibpath_overrides_runpath=no
lt_cv_sys_global_symbol_pipe='sed -n -e '\''s/^.*[	 ]\([ABCDGIRSTW][ABCDGIRSTW]*\)[	 ][	 ]*\([_A-Za-z][_A-Za-z0-9]*\)$/\1 \2 \2/p'\'' | sed '\''/ __gnu_lto/d'\'''
lt_cv_sys_global_symbol_to_c_name_address='sed -n -e '\''s/^: \([^ ]*\)[ ]*$/  {\"\1\", (void *) 0},/p'\'' -e '\''s/^[ABCDGIRSTW]* \([^ ]*\) \([^ ]*\)$/  {"\2", (void *) \&\2},/p'\'''
lt_cv_sys_global_symbol_to_c_name_address_lib_prefix='sed -n -e '\''s/^: \([^ ]*\)[ ]*$/  {\"\1\", (void *) 0},/p'\'' -e '\''s/^[ABCDGIRSTW]* \([^ ]*\) \(lib[^ ]*\)$/  {"\2", (void *) \&\2},/p'\'' -e '\''s/^[ABCDGIRSTW]* \([^ ]*\) \([^ ]*\)$/  {"lib\2", (void *) \&\2},/p'\'''
lt_cv_sys_global_symbol_to_cdecl='sed -n -e '\''s/^T .* \(.*\)$/extern int \1();/p'\'' -e '\''s/^[ABCDGIRSTW]* .* \(.*\)$/extern char \1;/p'\'''
lt_cv_sys_max_cmd_len=1572864
lt_cv_to_host_file_cmd=func_convert_file_noop
lt_cv_to_tool_file_cmd=func_convert_file_noop

## ----------------- ##
## Output variables. ##
## ----------------- ##

ACLOCAL='${SHELL} /home/glopez/Descargas/xmlplus-0.2.1/examples/mails/mails/missing --run aclocal-1.11'
AMDEPBACKSLASH='\'
AMDEP_FALSE='#'
AMDEP_TRUE=''
AMTAR='$${TAR-tar}'
AR='ar'
AUTOCONF='${SHELL} /home/glopez/Descargas/xmlplus-0.2.1/examples/mails/mails/missing --run autoconf'
AUTOHEADER='${SHELL} /home/glopez/Descargas/xmlplus-0.2.1/examples/mails/mails/missing --run autoheader'
AUTOMAKE='${SHELL} /home/glopez/Descargas/xmlplus-0.2.1/examples/mails/mails/missing --run automake-1.11'
AWK='mawk'
CC='gcc'
CCDEPMODE='depmode=gcc3'
CFLAGS='-g -O2'
CPP='gcc -E'
CPPFLAGS=''
CXX='g++'
CXXCPP='g++ -E'
CXXDEPMODE='depmode=gcc3'
CXXFLAGS='-g -O2'
CYGPATH_W='echo'
DEFS='-DHAVE_CONFIG_H'
DEPDIR='.deps'
DLLTOOL='false'
DOXYGEN_PAPER_SIZE=''
DSYMUTIL=''
DUMPBIN=''
DX_COND_chi_FALSE=''
DX_COND_chi_TRUE='#'
DX_COND_chm_FALSE=''
DX_COND_chm_TRUE='#'
DX_COND_doc_FALSE=''
DX_COND_doc_TRUE='#'
DX_COND_dot_FALSE=''
DX_COND_dot_TRUE='#'
DX_COND_html_FALSE=''
DX_COND_html_TRUE='#'
DX_COND_latex_FALSE=''
DX_COND_latex_TRUE='#'
DX_COND_man_FALSE=''
DX_COND_man_TRUE='#'
DX_COND_pdf_FALSE=''
DX_COND_pdf_TRUE='#'
DX_COND_ps_FALSE=''
DX_COND_ps_TRUE='#'
DX_COND_rtf_FALSE=''
DX_COND_rtf_TRUE='#'
DX_COND_xml_FALSE=''
DX_COND_xml_TRUE='#'
DX_CONFIG='doxygen.cfg'
DX_DOCDIR='doc'
DX_DOT=''
DX_DOXYGEN=''
DX_DVIPS=''
DX_EGREP=''
DX_ENV=' SRCDIR='\''.'\'' PROJECT='\''xplus-mails'\'' DOCDIR='\''doc'\'' VERSION='\''1.0'\'' HAVE_DOT='\''NO'\'' GENERATE_MAN='\''NO'\'' GENERATE_RTF='\''NO'\'' GENERATE_XML='\''NO'\'' GENERATE_HTMLHELP='\''NO'\'' GENERATE_CHI='\''NO'\'' GENERATE_HTML='\''NO'\'' GENERATE_LATEX='\''NO'\'''
DX_FLAG_DX_CURRENT_FEATURE=''
DX_FLAG_chi='0'
DX_FLAG_chm='0'
DX_FLAG_doc='0'
DX_FLAG_dot='0'
DX_FLAG_html='0'
DX_FLAG_man='0'
DX_FLAG_pdf='0'
DX_FLAG_ps='0'
DX_FLAG_rtf='0'
DX_FLAG_xml='0'
DX_HHC=''
DX_LATEX=''
DX_MAKEINDEX=''
DX_PDFLATEX=''
DX_PERL='/usr/bin/perl'
DX_PROJECT='xplus-mails'
ECHO_C=''
ECHO_N='-n'
ECHO_T=''
EGREP='/bin/grep -E'
EXEEXT=''
FGREP='/bin/grep -F'
GREP='/bin/grep'
INSTALL_DATA='${INSTALL} -m 644'
INSTALL_PROGRAM='${INSTALL}'
INSTALL_SCRIPT='${INSTALL}'
INSTALL_STRIP_PROGRAM='$(install_sh) -c -s'
LD='/usr/bin/ld -m elf_x86_64'
LDFLAGS=''
LIBOBJS=''
LIBS=''
LIBTOOL='$(SHELL) $(top_builddir)/libtool'
LIPO=''
LN_S='ln -s'
LTLIBOBJS=''
MAKEINFO='${SHELL} /home/glopez/Descargas/xmlplus-0.2.1/examples/mails/mails/missing --run makeinfo'
MANIFEST_TOOL=':'
MKDIR_P='/bin/mkdir -p'
NM='/usr/bin/nm -B'
NMEDIT=''
OBJDUMP='objdump'
OBJEXT='o'
OTOOL64=''
OTOOL=''
PACKAGE='xplus-mails'
PACKAGE_BUGREPORT='BUG-REPORT-ADDRESS'
PACKAGE_NAME='xplus-mails'
PACKAGE_STRING='xplus-mails 1.0'
PACKAGE_TARNAME='xplus-mails'
PACKAGE_URL=''
PACKAGE_VERSION='1.0'
PATH_SEPARATOR=':'
RANLIB='ranlib'
SED='/bin/sed'
SET_MAKE=''
SHELL='/bin/bash'
STRIP='strip'
VERSION='1.0'
ac_ct_AR='ar'
ac_ct_CC='gcc'
ac_ct_CXX='g++'
ac_ct_DUMPBIN=''
am__EXEEXT_FALSE=''
am__EXEEXT_TRUE='#'
am__fastdepCC_FALSE='#'
am__fastdepCC_TRUE=''
am__fastdepCXX_FALSE='#'
am__fastdepCXX_TRUE=''
am__include='include'
am__isrc=''
am__leading_dot='.'
am__nodep='_no'
am__quote=''
am__tar='$${TAR-tar} chof - "$$tardir"'
am__untar='$${TAR-tar} xf -'
bindir='${exec_prefix}/bin'
build='x86_64-unknown-linux-gnu'
build_alias=''
build_cpu='x86_64'
build_os='linux-gnu'
build_vendor='unknown'
datadir='${datarootdir}'
datarootdir='${prefix}/share'
docdir='${datarootdir}/doc/${PACKAGE_TARNAME}'
dvidir='${docdir}'
exec_prefix='${prefix}'
host='x86_64-unknown-linux-gnu'
host_alias=''
host_cpu='x86_64'
host_os='linux-gnu'
host_vendor='unknown'
htmldir='${docdir}'
includedir='${prefix}/include'
infodir='${datarootdir}/info'
install_sh='${SHELL} /home/glopez/Descargas/xmlplus-0.2.1/examples/mails/mails/install-sh'
libdir='${exec_prefix}/lib'
libexecdir='${exec_prefix}/libexec'
localedir='${datarootdir}/locale'
localstatedir='${prefix}/var'
mandir='${datarootdir}/man'
mkdir_p='/bin/mkdir -p'
oldincludedir='/usr/include'
pdfdir='${docdir}'
prefix='/usr'
program_transform_name='s,x,x,'
psdir='${docdir}'
sbindir='${exec_prefix}/sbin'
sharedstatedir='${prefix}/com'
sysconfdir='${prefix}/etc'
target_alias=''

## ----------- ##
## confdefs.h. ##
## ----------- ##

/* confdefs.h */
#define PACKAGE_NAME "xplus-mails"
#define PACKAGE_TARNAME "xplus-mails"
#define PACKAGE_VERSION "1.0"
#define PACKAGE_STRING "xplus-mails 1.0"
#define PACKAGE_BUGREPORT "BUG-REPORT-ADDRESS"
#define PACKAGE_URL ""
#define PACKAGE "xplus-mails"
#define VERSION "1.0"
#define STDC_HEADERS 1
#define HAVE_SYS_TYPES_H 1
#define HAVE_SYS_STAT_H 1
#define HAVE_STDLIB_H 1
#define HAVE_STRING_H 1
#define HAVE_MEMORY_H 1
#define HAVE_STRINGS_H 1
#define HAVE_INTTYPES_H 1
#define HAVE_STDINT_H 1
#define HAVE_UNISTD_H 1
#define HAVE_DLFCN_H 1
#define LT_OBJDIR ".libs/"
#define HAVE__BOOL 1
#define HAVE_STDBOOL_H 1

configure: exit 0
